<?xml version="1.0" encoding="UTF-8"?>
<!-- Generated by org.testng.reporters.JUnitReportReporter -->
<testsuite hostname="DESKTOP-UN9U5PK" failures="0" tests="1" name="testingAssignment.handleLargerNum" time="6.025" errors="0" timestamp="2023-05-06T12:55:06 CEST" skipped="0">
  <testcase classname="testingAssignment.handleLargerNum" name="testLargeNumbers" time="6.025"/>
  <system-out/>
</testsuite> <!-- testingAssignment.handleLargerNum -->
