<?xml version="1.0" encoding="UTF-8"?>
<!-- Generated by org.testng.reporters.JUnitReportReporter -->
<testsuite hostname="DESKTOP-UN9U5PK" failures="0" tests="1" name="testingAssignment.logIn" time="9.858" errors="0" timestamp="2023-05-06T12:55:06 CEST" skipped="0">
  <testcase classname="testingAssignment.logIn" name="verifyCalculatorIsDisplayed" time="9.858"/>
  <system-out/>
</testsuite> <!-- testingAssignment.logIn -->
