<?xml version="1.0" encoding="UTF-8"?>
<!-- Generated by org.testng.reporters.JUnitReportReporter -->
<testsuite hostname="DESKTOP-UN9U5PK" failures="0" tests="1" name="testingAssignment.arithmaticOperations" time="4.811" errors="0" timestamp="2023-05-07T03:31:48 CEST" skipped="0">
  <testcase classname="testingAssignment.arithmaticOperations" name="testBasicArithmeticOperations" time="4.811"/>
  <system-out/>
</testsuite> <!-- testingAssignment.arithmaticOperations -->
