<?xml version="1.0" encoding="UTF-8"?>
<!-- Generated by org.testng.reporters.JUnitReportReporter -->
<testsuite hostname="DESKTOP-UN9U5PK" failures="0" tests="1" name="testingAssignment.logIn" time="10.644" errors="0" timestamp="2023-05-07T03:31:48 CEST" skipped="0">
  <testcase classname="testingAssignment.logIn" name="verifyCalculatorIsDisplayed" time="10.644"/>
  <system-out/>
</testsuite> <!-- testingAssignment.logIn -->
